monitor\monitor.asm
monitor\monitor.lc
monitor\makefile
monitor\cvtsrec.c
monitor\cvtsrec.exe
monitor\ops.awk
detect\1ksqscan.asc
detect\alcommon.asc
detect\eevscans.asc
detect\mmscans.asc
detect\pdascans.asc
detect\sccommon.asc
detect\smscans.asc
detect\specscan.asc
detect\switcher.asc
detect\1ksqscan.dac
detect\autoback.dac
detect\darkrate.dac
detect\eevscans.dac
detect\gain.dac
detect\ident2.dac
detect\init.dac
detect\kclean.dac
detect\linear.dac
detect\mmscans.dac
detect\ng.dac
detect\noise.dac
detect\ontrig.dac
detect\pdaemu.dac
detect\pdascans.dac
detect\piatest.dac
detect\smscans.dac
detect\specscan.dac
detect\spikes.dac
detect\standard.dac
detect\strkr.dac
detect\strkrot.dac
detect\switcher.dac
detect\user.dac
detect\ccd256sp.inc
detect\ccd512tc.inc
detect\ccd512ts.inc
detect\ccdeev.inc
detect\hooks.inc
detect\omacp.inc
detect\rapda.inc
detect\dac.mac
detect\dacpda.mac
detect\mkall.bat
detect\oma4c.bat
detect\oma4s.bat

