1KSQSCAN.ASC
ALCOMMON.ASC
EEVSCANS.ASC
MMSCANS.ASC
SCCOMMON.ASC
SMSCANS.ASC
SPECSCAN.ASC
SWITCHER.ASC
1KSQSCAN.DAC
AUTOBACK.DAC
DARKRATE.DAC
EEVSCANS.DAC
GAIN.DAC
IDENT2.DAC
INIT.DAC
KCLEAN.DAC
LINEAR.DAC
MMSCANS.DAC
NOISE.DAC
ONTRIG.DAC
PDAEMU.DAC
PIATEST.DAC
SMSCANS.DAC
SPECSCAN.DAC
SPIKES.DAC
STANDARD.DAC
DA_9.DAC
SWITCHER.DAC
USER.DAC
OPS.ADD
CCD1KSQ.INC
CCD256SP.INC
CCD512TC.INC
CCD512TS.INC
CCDEEV.INC
HOOKS.INC
OMACP.INC
DAC.MAC
..\run\1KSQSCAN.ABJ
..\run\EEVSCANS.ABJ
..\run\MMSCANS.ABJ
..\run\SCANS.ABJ
..\run\SMSCANS.ABJ
..\run\SPECSCAN.ABJ
..\run\1KSQSCAN.DBJ
..\run\EEVSCANS.DBJ
..\run\MMSCANS.DBJ
..\run\SCANS.DBJ
..\run\SMSCANS.DBJ
..\run\SPECSCAN.DBJ
..\run\OMA4.EXE
