ckmsg.exe
ckkey.com
ckint.com
oma4.exe
..\run\dis.exe
..\run\dumpmem.exe
..\run\empoke.exe
..\run\emtest.exe
..\run\epause.com
..\run\memrun.exe
..\run\memtest.exe
..\run\nlfecho.com
..\run\oma4loc.com
..\run\omaint.exe
..\run\port.exe
..\run\portw.com
..\run\smdis.exe
\util\cs.com
\util\bigdump.exe
loader.exe
ckad.bat
ckdac.bat
ckmem.bat
ckmem2.bat
ckoc.bat
ckoma.bat
ckpia.bat
ckseq.bat
cksync.bat
cktdc.bat
cktempl.bat
cktrig.bat
help.bat
loopback.bat
oma4l.bat
auxbus.abj
ckad.abj
ckpia.abj
ckseq.abj
cksync.abj
cktempl.abj
cktrig.abj
loopback.abj
ops.add
ckad.asc
ckpia.asc
ckseq.asc
cksync.asc
cktempl.asc
cktrig.asc
loopback.asc
ckad.dac
ckdac.dac
ckdacf.dac
ckpia.dac
ckseq.dac
cksync.dac
cktempl.dac
cktrig.dac
loopback.dac
auxbus.dbj
ckad.dbj
ckdac.dbj
ckdacf.dbj
ckpia.dbj
ckseq.dbj
cksync.dbj
cktempl.dbj
cktrig.dbj
dacmem.dbj
dacmemf.dbj
loopback.dbj
monitor.hex
