files1.lst

..\main\access4.c
..\main\detdriv.c
..\main\cache386.c
..\main\cmdtbl.c
..\main\cntrloma.c
..\main\loadoma.c

himem.c
oma4phys.c
wc32phys.c

oma4si.c
testdriv.c

..\inc\access4.h
..\inc\asicodes.h
..\inc\cache386.h
..\inc\cmdtbl.h
..\inc\cntrloma.h
..\inc\counters.h
..\inc\detdriv.h
..\inc\detsetup.h
..\inc\di_util.h
..\inc\driverrs.h
..\inc\handy.h
..\inc\himem.h
..\inc\loadoma.h
..\inc\loadrec.h
..\inc\monitor.h
..\inc\oma4phys.h
..\inc\oma4scan.h
..\inc\omaerror.h
..\inc\omaregs.h
..\inc\primtype.h
..\inc\wc32phys.h

..\obj\mcdriv\mcdriv.lib
..\obj\tcdriv\tcdriv.lib
..\obj\wcdriv\wcdriv.lib

tcdriv.mak
tcoma4si.mak
ttstdriv.mak
tcdriv.prj
oma4si.prj
testdriv.prj
tm.bat

mcdriv.mak
mcoma4si.mak
mtstdriv.mak
nm.bat

wcdriv.mak
wcoma4si.mak
wtstdriv.mak
wm.bat

..\run\port.exe

..\run\testdriv.exe
..\run\oma4si.exe

