FILES.LST
..\main\ACCESS4.C
..\main\CACHE386.C
..\main\CMDTBL.C
..\main\CNTRLOMA.C
..\main\DETDRIV.C
..\main\LOADOMA.C
WINPHYS.C
WINDLL.C
..\inc\ACCESS4.H
..\inc\ASICODES.H
..\inc\CACHE386.H
..\inc\CNTRLOMA.H
..\inc\COUNTERS.H
..\inc\DETDRIV.H
..\inc\DETINFO.H
..\inc\DETSETUP.H
..\inc\DRIVERRS.H
..\inc\HIMEM.H
..\inc\LOADOMA.H
..\inc\LOADREC.H
..\inc\MONITOR.H
..\inc\OMAREGS.H
..\inc\OMA4TYPE.H
..\inc\WC32PHYS.H
..\inc\D16MPHYS.H
WINPHYS.H
OMA4WIN.DEF
OMA4WIN.DLL
OMA4WIN.MAK
OMA4WIN.LIB
